19-Apr-2018 09:22:07.332 警告 [main] org.apache.catalina.core.AprLifecycleListener.init The APR based Apache Tomcat Native library failed to load. The error reported was [D:\work\tomcat\tomcat\apache-tomcat-8.5.30-x86-dubbo\apache-tomcat-8.5.30\bin\tcnative-1.dll: Can't load IA 32-bit .dll on a AMD 64-bit platform]
 java.lang.UnsatisfiedLinkError: D:\work\tomcat\tomcat\apache-tomcat-8.5.30-x86-dubbo\apache-tomcat-8.5.30\bin\tcnative-1.dll: Can't load IA 32-bit .dll on a AMD 64-bit platform
	at java.lang.ClassLoader$NativeLibrary.load(Native Method)
	at java.lang.ClassLoader.loadLibrary0(ClassLoader.java:1941)
	at java.lang.ClassLoader.loadLibrary(ClassLoader.java:1857)
	at java.lang.Runtime.loadLibrary0(Runtime.java:870)
	at java.lang.System.loadLibrary(System.java:1122)
	at org.apache.tomcat.jni.Library.<init>(Library.java:42)
	at org.apache.tomcat.jni.Library.initialize(Library.java:178)
	at org.apache.catalina.core.AprLifecycleListener.init(AprLifecycleListener.java:198)
	at org.apache.catalina.core.AprLifecycleListener.isAprAvailable(AprLifecycleListener.java:107)
	at org.apache.catalina.connector.Connector.setProtocol(Connector.java:582)
	at org.apache.catalina.connector.Connector.<init>(Connector.java:74)
	at org.apache.catalina.startup.ConnectorCreateRule.begin(ConnectorCreateRule.java:64)
	at org.apache.tomcat.util.digester.Digester.startElement(Digester.java:1253)
	at com.sun.org.apache.xerces.internal.parsers.AbstractSAXParser.startElement(AbstractSAXParser.java:509)
	at com.sun.org.apache.xerces.internal.parsers.AbstractXMLDocumentParser.emptyElement(AbstractXMLDocumentParser.java:182)
	at com.sun.org.apache.xerces.internal.impl.XMLDocumentFragmentScannerImpl.scanStartElement(XMLDocumentFragmentScannerImpl.java:1338)
	at com.sun.org.apache.xerces.internal.impl.XMLDocumentFragmentScannerImpl$FragmentContentDriver.next(XMLDocumentFragmentScannerImpl.java:2781)
	at com.sun.org.apache.xerces.internal.impl.XMLDocumentScannerImpl.next(XMLDocumentScannerImpl.java:606)
	at com.sun.org.apache.xerces.internal.impl.XMLDocumentFragmentScannerImpl.scanDocument(XMLDocumentFragmentScannerImpl.java:504)
	at com.sun.org.apache.xerces.internal.parsers.XML11Configuration.parse(XML11Configuration.java:848)
	at com.sun.org.apache.xerces.internal.parsers.XML11Configuration.parse(XML11Configuration.java:777)
	at com.sun.org.apache.xerces.internal.parsers.XMLParser.parse(XMLParser.java:141)
	at com.sun.org.apache.xerces.internal.parsers.AbstractSAXParser.parse(AbstractSAXParser.java:1213)
	at com.sun.org.apache.xerces.internal.jaxp.SAXParserImpl$JAXPSAXParser.parse(SAXParserImpl.java:643)
	at org.apache.tomcat.util.digester.Digester.parse(Digester.java:1521)
	at org.apache.catalina.startup.Catalina.load(Catalina.java:604)
	at org.apache.catalina.startup.Catalina.load(Catalina.java:655)
	at sun.reflect.NativeMethodAccessorImpl.invoke0(Native Method)
	at sun.reflect.NativeMethodAccessorImpl.invoke(NativeMethodAccessorImpl.java:62)
	at sun.reflect.DelegatingMethodAccessorImpl.invoke(DelegatingMethodAccessorImpl.java:43)
	at java.lang.reflect.Method.invoke(Method.java:498)
	at org.apache.catalina.startup.Bootstrap.load(Bootstrap.java:309)
	at org.apache.catalina.startup.Bootstrap.main(Bootstrap.java:492)

19-Apr-2018 09:22:07.518 信息 [main] org.apache.catalina.startup.VersionLoggerListener.log Server version:        Apache Tomcat/8.5.30
19-Apr-2018 09:22:07.521 信息 [main] org.apache.catalina.startup.VersionLoggerListener.log Server built:          Apr 3 2018 20:04:09 UTC
19-Apr-2018 09:22:07.525 信息 [main] org.apache.catalina.startup.VersionLoggerListener.log Server number:         8.5.30.0
19-Apr-2018 09:22:07.529 信息 [main] org.apache.catalina.startup.VersionLoggerListener.log OS Name:               Windows 7
19-Apr-2018 09:22:07.532 信息 [main] org.apache.catalina.startup.VersionLoggerListener.log OS Version:            6.1
19-Apr-2018 09:22:07.535 信息 [main] org.apache.catalina.startup.VersionLoggerListener.log Architecture:          amd64
19-Apr-2018 09:22:07.539 信息 [main] org.apache.catalina.startup.VersionLoggerListener.log Java Home:             D:\work\jdk\jdk-8u101\jre
19-Apr-2018 09:22:07.543 信息 [main] org.apache.catalina.startup.VersionLoggerListener.log JVM Version:           1.8.0_101-b13
19-Apr-2018 09:22:07.548 信息 [main] org.apache.catalina.startup.VersionLoggerListener.log JVM Vendor:            Oracle Corporation
19-Apr-2018 09:22:07.552 信息 [main] org.apache.catalina.startup.VersionLoggerListener.log CATALINA_BASE:         D:\work\tomcat\tomcat\apache-tomcat-8.5.30-x86-dubbo\apache-tomcat-8.5.30
19-Apr-2018 09:22:07.555 信息 [main] org.apache.catalina.startup.VersionLoggerListener.log CATALINA_HOME:         D:\work\tomcat\tomcat\apache-tomcat-8.5.30-x86-dubbo\apache-tomcat-8.5.30
19-Apr-2018 09:22:07.560 信息 [main] org.apache.catalina.startup.VersionLoggerListener.log Command line argument: -Djava.util.logging.config.file=D:\work\tomcat\tomcat\apache-tomcat-8.5.30-x86-dubbo\apache-tomcat-8.5.30\conf\logging.properties
19-Apr-2018 09:22:07.563 信息 [main] org.apache.catalina.startup.VersionLoggerListener.log Command line argument: -Djava.util.logging.manager=org.apache.juli.ClassLoaderLogManager
19-Apr-2018 09:22:07.567 信息 [main] org.apache.catalina.startup.VersionLoggerListener.log Command line argument: -Djdk.tls.ephemeralDHKeySize=2048
19-Apr-2018 09:22:07.570 信息 [main] org.apache.catalina.startup.VersionLoggerListener.log Command line argument: -Djava.protocol.handler.pkgs=org.apache.catalina.webresources
19-Apr-2018 09:22:07.574 信息 [main] org.apache.catalina.startup.VersionLoggerListener.log Command line argument: -Dignore.endorsed.dirs=
19-Apr-2018 09:22:07.578 信息 [main] org.apache.catalina.startup.VersionLoggerListener.log Command line argument: -Dcatalina.base=D:\work\tomcat\tomcat\apache-tomcat-8.5.30-x86-dubbo\apache-tomcat-8.5.30
19-Apr-2018 09:22:07.582 信息 [main] org.apache.catalina.startup.VersionLoggerListener.log Command line argument: -Dcatalina.home=D:\work\tomcat\tomcat\apache-tomcat-8.5.30-x86-dubbo\apache-tomcat-8.5.30
19-Apr-2018 09:22:07.585 信息 [main] org.apache.catalina.startup.VersionLoggerListener.log Command line argument: -Djava.io.tmpdir=D:\work\tomcat\tomcat\apache-tomcat-8.5.30-x86-dubbo\apache-tomcat-8.5.30\temp
19-Apr-2018 09:22:07.890 信息 [main] org.apache.coyote.AbstractProtocol.init Initializing ProtocolHandler ["http-nio-8080"]
19-Apr-2018 09:22:08.272 信息 [main] org.apache.tomcat.util.net.NioSelectorPool.getSharedSelector Using a shared selector for servlet write/read
19-Apr-2018 09:22:08.284 信息 [main] org.apache.coyote.AbstractProtocol.init Initializing ProtocolHandler ["ajp-nio-8009"]
19-Apr-2018 09:22:08.291 信息 [main] org.apache.tomcat.util.net.NioSelectorPool.getSharedSelector Using a shared selector for servlet write/read
19-Apr-2018 09:22:08.295 信息 [main] org.apache.catalina.startup.Catalina.load Initialization processed in 1451 ms
19-Apr-2018 09:22:08.400 信息 [main] org.apache.catalina.core.StandardService.startInternal Starting service [Catalina]
19-Apr-2018 09:22:08.404 信息 [main] org.apache.catalina.core.StandardEngine.startInternal Starting Servlet Engine: Apache Tomcat/8.5.30
19-Apr-2018 09:22:08.440 信息 [localhost-startStop-1] org.apache.catalina.startup.HostConfig.deployDirectory Deploying web application directory [D:\work\tomcat\tomcat\apache-tomcat-8.5.30-x86-dubbo\apache-tomcat-8.5.30\webapps\docs]
19-Apr-2018 09:22:08.977 信息 [localhost-startStop-1] org.apache.catalina.startup.HostConfig.deployDirectory Deployment of web application directory [D:\work\tomcat\tomcat\apache-tomcat-8.5.30-x86-dubbo\apache-tomcat-8.5.30\webapps\docs] has finished in [538] ms
19-Apr-2018 09:22:08.981 信息 [localhost-startStop-1] org.apache.catalina.startup.HostConfig.deployDirectory Deploying web application directory [D:\work\tomcat\tomcat\apache-tomcat-8.5.30-x86-dubbo\apache-tomcat-8.5.30\webapps\examples]
19-Apr-2018 09:22:09.451 信息 [localhost-startStop-1] org.apache.catalina.startup.HostConfig.deployDirectory Deployment of web application directory [D:\work\tomcat\tomcat\apache-tomcat-8.5.30-x86-dubbo\apache-tomcat-8.5.30\webapps\examples] has finished in [470] ms
19-Apr-2018 09:22:09.455 信息 [localhost-startStop-1] org.apache.catalina.startup.HostConfig.deployDirectory Deploying web application directory [D:\work\tomcat\tomcat\apache-tomcat-8.5.30-x86-dubbo\apache-tomcat-8.5.30\webapps\host-manager]
19-Apr-2018 09:22:09.520 信息 [localhost-startStop-1] org.apache.catalina.startup.HostConfig.deployDirectory Deployment of web application directory [D:\work\tomcat\tomcat\apache-tomcat-8.5.30-x86-dubbo\apache-tomcat-8.5.30\webapps\host-manager] has finished in [65] ms
19-Apr-2018 09:22:09.523 信息 [localhost-startStop-1] org.apache.catalina.startup.HostConfig.deployDirectory Deploying web application directory [D:\work\tomcat\tomcat\apache-tomcat-8.5.30-x86-dubbo\apache-tomcat-8.5.30\webapps\manager]
19-Apr-2018 09:22:09.558 信息 [localhost-startStop-1] org.apache.catalina.startup.HostConfig.deployDirectory Deployment of web application directory [D:\work\tomcat\tomcat\apache-tomcat-8.5.30-x86-dubbo\apache-tomcat-8.5.30\webapps\manager] has finished in [35] ms
19-Apr-2018 09:22:09.562 信息 [localhost-startStop-1] org.apache.catalina.startup.HostConfig.deployDirectory Deploying web application directory [D:\work\tomcat\tomcat\apache-tomcat-8.5.30-x86-dubbo\apache-tomcat-8.5.30\webapps\ROOT]
19-Apr-2018 09:22:17.855 信息 [localhost-startStop-1] org.apache.jasper.servlet.TldScanner.scanJars At least one JAR was scanned for TLDs yet contained no TLDs. Enable debug logging for this logger for a complete list of JARs that were scanned but no TLDs were found in them. Skipping unneeded JARs during scanning can improve startup time and JSP compilation time.
19-Apr-2018 09:22:42.645 信息 [localhost-startStop-1] org.apache.catalina.startup.HostConfig.deployDirectory Deployment of web application directory [D:\work\tomcat\tomcat\apache-tomcat-8.5.30-x86-dubbo\apache-tomcat-8.5.30\webapps\ROOT] has finished in [33,083] ms
19-Apr-2018 09:22:42.655 信息 [main] org.apache.coyote.AbstractProtocol.start Starting ProtocolHandler ["http-nio-8080"]
19-Apr-2018 09:22:42.672 信息 [main] org.apache.coyote.AbstractProtocol.start Starting ProtocolHandler ["ajp-nio-8009"]
19-Apr-2018 09:22:42.681 信息 [main] org.apache.catalina.startup.Catalina.start Server startup in 34382 ms
